[debug] [2020-05-11T12:06:05.608Z] ----------------------------------------------------------------------
[debug] [2020-05-11T12:06:05.612Z] Command:       C:\Program Files\nodejs\node.exe C:\Users\abhik\AppData\Roaming\npm\node_modules\firebase-tools\lib\bin\firebase.js serve
[debug] [2020-05-11T12:06:05.612Z] CLI Version:   8.2.0
[debug] [2020-05-11T12:06:05.612Z] Platform:      win32
[debug] [2020-05-11T12:06:05.612Z] Node Version:  v12.16.3
[debug] [2020-05-11T12:06:05.613Z] Time:          Mon May 11 2020 17:36:05 GMT+0530 (India Standard Time)
[debug] [2020-05-11T12:06:05.613Z] ----------------------------------------------------------------------
[debug] [2020-05-11T12:06:05.614Z] 
[debug] [2020-05-11T12:06:05.709Z] > command requires scopes: ["email","openid","https://www.googleapis.com/auth/cloudplatformprojects.readonly","https://www.googleapis.com/auth/firebase","https://www.googleapis.com/auth/cloud-platform"]
[debug] [2020-05-11T12:06:05.711Z] > authorizing via signed-in user
[debug] [2020-05-11T12:06:05.713Z] [iam] checking project aakritimehndi for permissions ["firebase.projects.get"]
[debug] [2020-05-11T12:06:05.723Z] > refreshing access token with scopes: ["email","https://www.googleapis.com/auth/cloud-platform","https://www.googleapis.com/auth/cloudplatformprojects.readonly","https://www.googleapis.com/auth/firebase","openid"]
[debug] [2020-05-11T12:06:05.724Z] >>> HTTP REQUEST POST https://www.googleapis.com/oauth2/v3/token  
 <request body omitted>
[debug] [2020-05-11T12:06:06.737Z] <<< HTTP RESPONSE 200 {"content-type":"application/json; charset=utf-8","vary":"X-Origin, Referer, Origin,Accept-Encoding","date":"Mon, 11 May 2020 12:06:06 GMT","server":"scaffolding on HTTPServer2","cache-control":"private","x-xss-protection":"0","x-frame-options":"SAMEORIGIN","x-content-type-options":"nosniff","alt-svc":"h3-27=\":443\"; ma=2592000,h3-25=\":443\"; ma=2592000,h3-Q050=\":443\"; ma=2592000,h3-Q049=\":443\"; ma=2592000,h3-Q048=\":443\"; ma=2592000,h3-Q046=\":443\"; ma=2592000,h3-Q043=\":443\"; ma=2592000,quic=\":443\"; ma=2592000; v=\"46,43\"","accept-ranges":"none","transfer-encoding":"chunked"}
[debug] [2020-05-11T12:06:06.781Z] >>> HTTP REQUEST POST https://cloudresourcemanager.googleapis.com/v1/projects/aakritimehndi:testIamPermissions  
 {"permissions":["firebase.projects.get"]}
[debug] [2020-05-11T12:06:09.352Z] <<< HTTP RESPONSE 200 {"content-type":"application/json; charset=UTF-8","vary":"X-Origin, Referer, Origin,Accept-Encoding","date":"Mon, 11 May 2020 12:06:09 GMT","server":"ESF","cache-control":"private","x-xss-protection":"0","x-frame-options":"SAMEORIGIN","x-content-type-options":"nosniff","server-timing":"gfet4t7; dur=1546","alt-svc":"h3-27=\":443\"; ma=2592000,h3-25=\":443\"; ma=2592000,h3-Q050=\":443\"; ma=2592000,h3-Q049=\":443\"; ma=2592000,h3-Q048=\":443\"; ma=2592000,h3-Q046=\":443\"; ma=2592000,h3-Q043=\":443\"; ma=2592000,quic=\":443\"; ma=2592000; v=\"46,43\"","accept-ranges":"none","transfer-encoding":"chunked"}
[debug] [2020-05-11T12:06:09.356Z] >>> HTTP REQUEST GET https://firebase.googleapis.com/v1beta1/projects/aakritimehndi  
 
[debug] [2020-05-11T12:06:11.112Z] <<< HTTP RESPONSE 200 {"content-type":"application/json; charset=UTF-8","vary":"X-Origin, Referer, Origin,Accept-Encoding","date":"Mon, 11 May 2020 12:06:11 GMT","server":"ESF","cache-control":"private","x-xss-protection":"0","x-frame-options":"SAMEORIGIN","x-content-type-options":"nosniff","alt-svc":"h3-27=\":443\"; ma=2592000,h3-25=\":443\"; ma=2592000,h3-Q050=\":443\"; ma=2592000,h3-Q049=\":443\"; ma=2592000,h3-Q048=\":443\"; ma=2592000,h3-Q046=\":443\"; ma=2592000,h3-Q043=\":443\"; ma=2592000,quic=\":443\"; ma=2592000; v=\"46,43\"","accept-ranges":"none","transfer-encoding":"chunked"}
[info] 
[info] === Serving from 'D:\Incline\covid-19\corona'...
[info] 
[debug] [2020-05-11T12:06:11.123Z] >>> HTTP REQUEST GET https://firebase.googleapis.com/v1beta1/projects/aakritimehndi/webApps/-/config  
 
[debug] [2020-05-11T12:06:12.779Z] <<< HTTP RESPONSE 200 {"content-type":"application/json; charset=UTF-8","vary":"X-Origin, Referer, Origin,Accept-Encoding","date":"Mon, 11 May 2020 12:06:12 GMT","server":"ESF","cache-control":"private","x-xss-protection":"0","x-frame-options":"SAMEORIGIN","x-content-type-options":"nosniff","alt-svc":"h3-27=\":443\"; ma=2592000,h3-25=\":443\"; ma=2592000,h3-Q050=\":443\"; ma=2592000,h3-Q049=\":443\"; ma=2592000,h3-Q048=\":443\"; ma=2592000,h3-Q046=\":443\"; ma=2592000,h3-Q043=\":443\"; ma=2592000,quic=\":443\"; ma=2592000; v=\"46,43\"","accept-ranges":"none","transfer-encoding":"chunked"}
[info] i  hosting[mainCorona]: Serving hosting files from: dist/coronaFighter
[info] +  hosting[mainCorona]: Local server: http://localhost:5000
